<?xml version="1.0" encoding="UTF-8"?>
<testng-results ignored="0" total="1" passed="1" failed="0" skipped="0">
  <reporter-output>
  </reporter-output>
  <suite started-at="2022-11-17T22:53:05 IST" name="Default suite" finished-at="2022-11-17T22:53:19 IST" duration-ms="14757">
    <groups>
    </groups>
    <test started-at="2022-11-17T22:53:05 IST" name="Default test" finished-at="2022-11-17T22:53:19 IST" duration-ms="14757">
      <class name="pm1test_data.testng">
        <test-method is-config="true" signature="openbrowser()[pri:0, instance:pm1test_data.testng@72967906]" started-at="2022-11-17T22:53:05 IST" name="openbrowser" finished-at="2022-11-17T22:53:12 IST" duration-ms="7531" status="PASS">
          <reporter-output>
          </reporter-output>
        </test-method> <!-- openbrowser -->
        <test-method signature="method()[pri:0, instance:pm1test_data.testng@72967906]" started-at="2022-11-17T22:53:12 IST" name="method" finished-at="2022-11-17T22:53:19 IST" duration-ms="7151" status="PASS">
          <reporter-output>
          </reporter-output>
        </test-method> <!-- method -->
        <test-method is-config="true" signature="close_class()[pri:0, instance:pm1test_data.testng@72967906]" started-at="2022-11-17T22:53:19 IST" name="close_class" finished-at="2022-11-17T22:53:19 IST" duration-ms="1" status="PASS">
          <reporter-output>
          </reporter-output>
        </test-method> <!-- close_class -->
      </class> <!-- pm1test_data.testng -->
    </test> <!-- Default test -->
  </suite> <!-- Default suite -->
</testng-results>
